
Armadillo Workflow Platform (c) 2009-2015
Starting 2015-09-15 11:29:32
Initializing...
Loading icons.
Not Set: properties	C:\Users\etienne\Documents\GitHub\armadillo2\data\properties\compare_distance.properties
C:\Users\etienne\Documents\GitHub\armadillo2\data\properties\compare_distance.properties
Not Set: properties	C:\Users\etienne\Documents\GitHub\armadillo2\data\properties\filter_sequence.properties
C:\Users\etienne\Documents\GitHub\armadillo2\data\properties\filter_sequence.properties
Loaded 129 images for workflow
Getting last project path.
Creating new project.
Loading workbox.
Initialisation of workflow with size (2000,600)
Loading toolbox.
Loading databasebox.
Loading Editors.
Creating propertiesEditorBox.
Creating Main Armadillo Workflow.
Initialisation small editor...
Loading database.
Loading last workbox with ID [1].
Loading sequence manager.
Loading tree manager.
Loading alignment manager.
done loading...
Setting icon images.
**************************************************************************************************************
 Armadillo v2.0
 New Execution started 
 -Running a single Object .
 -Object: RETREE (Phylip)
 -Started at 2015-09-15 11:32:33
**************************************************************************************************************
Unable to find running class (+programs.retree) for RETREE (Phylip)
The config.dat is probably corrupted. Please delete it and restart Armadillo. 
**************************************************************************************************************
Computation finished in 281 s.
Ended at 2015-09-15 11:32:33
**************************************************************************************************************

Armadillo Workflow Platform (c) 2009-2015
Starting 2015-09-15 11:33:46
Initializing...
Loading icons.
Not Set: properties	C:\Users\etienne\Documents\GitHub\armadillo2\data\properties\compare_distance.properties
C:\Users\etienne\Documents\GitHub\armadillo2\data\properties\compare_distance.properties
Not Set: properties	C:\Users\etienne\Documents\GitHub\armadillo2\data\properties\filter_sequence.properties
C:\Users\etienne\Documents\GitHub\armadillo2\data\properties\filter_sequence.properties
Loaded 129 images for workflow
Getting last project path.
Creating new project.
Loading workbox.
Initialisation of workflow with size (2000,600)
Loading toolbox.
Loading databasebox.
Loading Editors.
Creating propertiesEditorBox.
Creating Main Armadillo Workflow.
Initialisation small editor...
Loading database.
Loading last workbox with ID [1].
Loading sequence manager.
Loading tree manager.
Loading alignment manager.
done loading...
Setting icon images.

Armadillo Workflow Platform (c) 2009-2015
Starting 2015-09-15 11:34:32
Initializing...
Loading icons.
Not Set: properties	C:\Users\etienne\Documents\GitHub\armadillo2\data\properties\compare_distance.properties
C:\Users\etienne\Documents\GitHub\armadillo2\data\properties\compare_distance.properties
Not Set: properties	C:\Users\etienne\Documents\GitHub\armadillo2\data\properties\filter_sequence.properties
C:\Users\etienne\Documents\GitHub\armadillo2\data\properties\filter_sequence.properties
Loaded 129 images for workflow
Getting last project path.
Creating new project.
Loading workbox.
Initialisation of workflow with size (2000,600)
Loading toolbox.
Loading databasebox.
Loading Editors.
Creating propertiesEditorBox.
Creating Main Armadillo Workflow.
Initialisation small editor...
Loading database.
Loading last workbox with ID [1].
Loading sequence manager.
Loading tree manager.
Loading alignment manager.
done loading...
Setting icon images.

Armadillo Workflow Platform (c) 2009-2015
Starting 2015-09-15 11:39:46
Initializing...
Loading icons.
Not Set: properties	C:\Users\etienne\Documents\GitHub\armadillo2\data\properties\compare_distance.properties
C:\Users\etienne\Documents\GitHub\armadillo2\data\properties\compare_distance.properties
Not Set: properties	C:\Users\etienne\Documents\GitHub\armadillo2\data\properties\filter_sequence.properties
C:\Users\etienne\Documents\GitHub\armadillo2\data\properties\filter_sequence.properties
Loaded 129 images for workflow
Getting last project path.
Creating new project.
Loading workbox.
Initialisation of workflow with size (2000,600)
Loading toolbox.
Loading databasebox.
Loading Editors.
Creating propertiesEditorBox.
Creating Main Armadillo Workflow.
Initialisation small editor...
Loading database.
Loading last workbox with ID [1].
Loading sequence manager.
Loading tree manager.
Loading alignment manager.
done loading...
Setting icon images.

Armadillo Workflow Platform (c) 2009-2015
Starting 2015-09-15 11:40:48
Initializing...
Loading icons.
Not Set: properties	C:\Users\etienne\Documents\GitHub\armadillo2\data\properties\compare_distance.properties
C:\Users\etienne\Documents\GitHub\armadillo2\data\properties\compare_distance.properties
Not Set: properties	C:\Users\etienne\Documents\GitHub\armadillo2\data\properties\filter_sequence.properties
C:\Users\etienne\Documents\GitHub\armadillo2\data\properties\filter_sequence.properties
Loaded 129 images for workflow
Getting last project path.
Creating new project.
Loading workbox.
Initialisation of workflow with size (2000,600)
Loading toolbox.
Loading databasebox.
Loading Editors.
Creating propertiesEditorBox.
Creating Main Armadillo Workflow.
Initialisation small editor...
Loading database.
Loading last workbox with ID [1].
Loading sequence manager.
Loading tree manager.
Loading alignment manager.
done loading...
Setting icon images.

Armadillo Workflow Platform (c) 2009-2015
Starting 2015-11-16 11:02:26
Initializing...
Loading icons.
Not Set: properties	C:\Users\etienne\Documents\GitHub\armadillo2\data\properties\compare_distance.properties
C:\Users\etienne\Documents\GitHub\armadillo2\data\properties\compare_distance.properties
Not Set: properties	C:\Users\etienne\Documents\GitHub\armadillo2\data\properties\filter_sequence.properties
C:\Users\etienne\Documents\GitHub\armadillo2\data\properties\filter_sequence.properties
Loaded 129 images for workflow
Getting last project path.
Creating new project.
Loading workbox.
Initialisation of workflow with size (2000,600)
Loading toolbox.
Loading databasebox.
Loading Editors.
Creating propertiesEditorBox.
Creating Main Armadillo Workflow.
Initialisation small editor...
Loading database.
Loading last workbox with ID [1].
Loading sequence manager.
Loading tree manager.
Loading alignment manager.
done loading...
Setting icon images.

Armadillo Workflow Platform (c) 2009-2015
Starting 2015-11-16 11:59:09
Initializing...
Loading icons.
Not Set: properties	C:\Users\etienne\Documents\GitHub\armadillo2\data\properties\compare_distance.properties
C:\Users\etienne\Documents\GitHub\armadillo2\data\properties\compare_distance.properties
Not Set: properties	C:\Users\etienne\Documents\GitHub\armadillo2\data\properties\filter_sequence.properties
C:\Users\etienne\Documents\GitHub\armadillo2\data\properties\filter_sequence.properties
Loaded 129 images for workflow
Getting last project path.
Loading project C:\Users\etienne\Desktop\eric.db
Loading workbox.
Initialisation of workflow with size (2000,600)
Loading toolbox.
Loading databasebox.
Loading Editors.
Creating propertiesEditorBox.
Creating Main Armadillo Workflow.
Initialisation small editor...
Loading database.
Loading last workbox with ID [1].
Loading sequence manager.
Loading tree manager.
Loading alignment manager.
done loading...
Setting icon images.

Armadillo Workflow Platform (c) 2009-2015
Starting 2015-11-16 12:00:41
Initializing...
Loading icons.
Not Set: properties	C:\Users\etienne\Documents\GitHub\armadillo2\data\properties\compare_distance.properties
C:\Users\etienne\Documents\GitHub\armadillo2\data\properties\compare_distance.properties
Not Set: properties	C:\Users\etienne\Documents\GitHub\armadillo2\data\properties\filter_sequence.properties
C:\Users\etienne\Documents\GitHub\armadillo2\data\properties\filter_sequence.properties
Loaded 129 images for workflow
Getting last project path.
Loading project C:\Users\etienne\Desktop\eric.db
Loading workbox.
Initialisation of workflow with size (2000,600)
Loading toolbox.
Loading databasebox.
Loading Editors.
Creating propertiesEditorBox.
Creating Main Armadillo Workflow.
Initialisation small editor...
Loading database.
Loading last workbox with ID [1].
Loading sequence manager.
Loading tree manager.
Loading alignment manager.
done loading...
Setting icon images.

Armadillo Workflow Platform (c) 2009-2015
Starting 2015-11-16 12:03:38
Initializing...
Loading icons.
Not Set: properties	C:\Users\etienne\Documents\GitHub\armadillo2\data\properties\compare_distance.properties
C:\Users\etienne\Documents\GitHub\armadillo2\data\properties\compare_distance.properties
Not Set: properties	C:\Users\etienne\Documents\GitHub\armadillo2\data\properties\filter_sequence.properties
C:\Users\etienne\Documents\GitHub\armadillo2\data\properties\filter_sequence.properties
Loaded 129 images for workflow
Getting last project path.
Loading project C:\Users\etienne\Desktop\eric.db
Loading workbox.
Initialisation of workflow with size (2000,600)
Loading toolbox.
Loading databasebox.
Loading Editors.
Creating propertiesEditorBox.
Creating Main Armadillo Workflow.
Initialisation small editor...
Loading database.
Loading last workbox with ID [1].
Loading sequence manager.
Loading tree manager.
Loading alignment manager.
done loading...
Setting icon images.

Armadillo Workflow Platform (c) 2009-2015
Starting 2015-11-16 12:10:50
Initializing...
Loading icons.
Not Set: properties	C:\Users\etienne\Documents\GitHub\armadillo2\data\properties\compare_distance.properties
C:\Users\etienne\Documents\GitHub\armadillo2\data\properties\compare_distance.properties
Not Set: properties	C:\Users\etienne\Documents\GitHub\armadillo2\data\properties\filter_sequence.properties
C:\Users\etienne\Documents\GitHub\armadillo2\data\properties\filter_sequence.properties
Loaded 129 images for workflow
Getting last project path.
Loading project C:\Users\etienne\Desktop\eric.db
Loading workbox.
Initialisation of workflow with size (2000,600)
Loading toolbox.
Loading databasebox.
Loading Editors.
Creating propertiesEditorBox.
Creating Main Armadillo Workflow.
Initialisation small editor...
Loading database.
Loading last workbox with ID [1].
Loading sequence manager.
Loading tree manager.
Loading alignment manager.
done loading...
Setting icon images.

Armadillo Workflow Platform (c) 2009-2015
Starting 2015-11-16 12:47:44
Initializing...
Loading icons.
Not Set: properties	C:\Users\etienne\Documents\GitHub\armadillo2\data\properties\compare_distance.properties
C:\Users\etienne\Documents\GitHub\armadillo2\data\properties\compare_distance.properties
Not Set: properties	C:\Users\etienne\Documents\GitHub\armadillo2\data\properties\filter_sequence.properties
C:\Users\etienne\Documents\GitHub\armadillo2\data\properties\filter_sequence.properties
Loaded 129 images for workflow
Getting last project path.
Loading project C:\Users\etienne\Desktop\eric.db
Loading workbox.
Initialisation of workflow with size (2000,600)
Loading toolbox.
Loading databasebox.
Loading Editors.
Creating propertiesEditorBox.
Creating Main Armadillo Workflow.
Initialisation small editor...
Loading database.
Loading last workbox with ID [1].
Loading sequence manager.
Loading tree manager.
Loading alignment manager.
done loading...
Setting icon images.

Armadillo Workflow Platform (c) 2009-2015
Starting 2015-11-16 12:55:27
Initializing...
Loading icons.
Not Set: properties	C:\Users\etienne\Documents\GitHub\armadillo2\data\properties\compare_distance.properties
C:\Users\etienne\Documents\GitHub\armadillo2\data\properties\compare_distance.properties
Not Set: properties	C:\Users\etienne\Documents\GitHub\armadillo2\data\properties\filter_sequence.properties
C:\Users\etienne\Documents\GitHub\armadillo2\data\properties\filter_sequence.properties
Loaded 129 images for workflow
Getting last project path.
Loading project C:\Users\etienne\Desktop\eric.db
Loading workbox.
Initialisation of workflow with size (2000,600)
Loading toolbox.
Loading databasebox.
Loading Editors.
Creating propertiesEditorBox.
Creating Main Armadillo Workflow.
Initialisation small editor...
Loading database.
Loading last workbox with ID [1].
Loading sequence manager.
Loading tree manager.
Loading alignment manager.
done loading...
Setting icon images.

Armadillo Workflow Platform (c) 2009-2015
Starting 2015-11-16 13:03:09
Initializing...
Loading icons.
Not Set: properties	C:\Users\etienne\Documents\GitHub\armadillo2\data\properties\compare_distance.properties
C:\Users\etienne\Documents\GitHub\armadillo2\data\properties\compare_distance.properties
Not Set: properties	C:\Users\etienne\Documents\GitHub\armadillo2\data\properties\filter_sequence.properties
C:\Users\etienne\Documents\GitHub\armadillo2\data\properties\filter_sequence.properties
Loaded 129 images for workflow
Getting last project path.
Loading project C:\Users\etienne\Desktop\eric.db
Loading workbox.
Initialisation of workflow with size (2000,600)
Loading toolbox.
Loading databasebox.
Loading Editors.
Creating propertiesEditorBox.
Creating Main Armadillo Workflow.
Initialisation small editor...
Loading database.
Loading last workbox with ID [192].
Loading sequence manager.
Loading tree manager.
Loading alignment manager.
done loading...
Setting icon images.

Armadillo Workflow Platform (c) 2009-2015
Starting 2015-11-16 13:41:25
Initializing...
Loading icons.
Not Set: properties	C:\Users\etienne\Documents\GitHub\armadillo2\data\properties\compare_distance.properties
C:\Users\etienne\Documents\GitHub\armadillo2\data\properties\compare_distance.properties
Not Set: properties	C:\Users\etienne\Documents\GitHub\armadillo2\data\properties\filter_sequence.properties
C:\Users\etienne\Documents\GitHub\armadillo2\data\properties\filter_sequence.properties
Loaded 129 images for workflow
Getting last project path.
Loading project C:\Users\etienne\Desktop\eric.db
Loading workbox.
Initialisation of workflow with size (2000,600)
Loading toolbox.
Loading databasebox.
Loading Editors.
Creating propertiesEditorBox.
Creating Main Armadillo Workflow.
Initialisation small editor...
Loading database.
Loading last workbox with ID [192].
Loading sequence manager.
Loading tree manager.
Loading alignment manager.
done loading...
Setting icon images.

Armadillo Workflow Platform (c) 2009-2015
Starting 2015-11-16 13:42:34
Initializing...
Loading icons.
Not Set: properties	C:\Users\etienne\Documents\GitHub\armadillo2\data\properties\compare_distance.properties
C:\Users\etienne\Documents\GitHub\armadillo2\data\properties\compare_distance.properties
Not Set: properties	C:\Users\etienne\Documents\GitHub\armadillo2\data\properties\filter_sequence.properties
C:\Users\etienne\Documents\GitHub\armadillo2\data\properties\filter_sequence.properties
Loaded 129 images for workflow
Getting last project path.
Loading project C:\Users\etienne\Desktop\eric.db
Loading workbox.
Initialisation of workflow with size (2000,600)
Loading toolbox.
Loading databasebox.
Loading Editors.
Creating propertiesEditorBox.
Creating Main Armadillo Workflow.
Initialisation small editor...
Loading database.
Loading last workbox with ID [192].
Loading sequence manager.
Loading tree manager.
Loading alignment manager.
done loading...
Setting icon images.

Armadillo Workflow Platform (c) 2009-2015
Starting 2015-11-16 13:43:15
Initializing...
Loading icons.
Not Set: properties	C:\Users\etienne\Documents\GitHub\armadillo2\data\properties\compare_distance.properties
C:\Users\etienne\Documents\GitHub\armadillo2\data\properties\compare_distance.properties
Not Set: properties	C:\Users\etienne\Documents\GitHub\armadillo2\data\properties\filter_sequence.properties
C:\Users\etienne\Documents\GitHub\armadillo2\data\properties\filter_sequence.properties
Loaded 129 images for workflow
Getting last project path.
Loading project C:\Users\etienne\Desktop\eric.db
Loading workbox.
Initialisation of workflow with size (2000,600)
Loading toolbox.
Loading databasebox.
Loading Editors.
Creating propertiesEditorBox.
Creating Main Armadillo Workflow.
Initialisation small editor...
Loading database.
Loading last workbox with ID [192].
Loading sequence manager.
Loading tree manager.
Loading alignment manager.
done loading...
Setting icon images.

Armadillo Workflow Platform (c) 2009-2015
Starting 2015-11-16 13:44:53
Initializing...
Loading icons.
Not Set: properties	C:\Users\etienne\Documents\GitHub\armadillo2\data\properties\compare_distance.properties
C:\Users\etienne\Documents\GitHub\armadillo2\data\properties\compare_distance.properties
Not Set: properties	C:\Users\etienne\Documents\GitHub\armadillo2\data\properties\filter_sequence.properties
C:\Users\etienne\Documents\GitHub\armadillo2\data\properties\filter_sequence.properties
Loaded 129 images for workflow
Getting last project path.
Loading project C:\Users\etienne\Desktop\eric.db
Loading workbox.
Initialisation of workflow with size (2000,600)
Loading toolbox.
Loading databasebox.
Loading Editors.
Creating propertiesEditorBox.
Creating Main Armadillo Workflow.
Initialisation small editor...
Loading database.
Loading last workbox with ID [192].
Loading sequence manager.
Loading tree manager.
Loading alignment manager.
done loading...
Setting icon images.

Armadillo Workflow Platform (c) 2009-2015
Starting 2015-11-16 13:45:52
Initializing...
Loading icons.
Not Set: properties	C:\Users\etienne\Documents\GitHub\armadillo2\data\properties\compare_distance.properties
C:\Users\etienne\Documents\GitHub\armadillo2\data\properties\compare_distance.properties
Not Set: properties	C:\Users\etienne\Documents\GitHub\armadillo2\data\properties\filter_sequence.properties
C:\Users\etienne\Documents\GitHub\armadillo2\data\properties\filter_sequence.properties
Loaded 129 images for workflow
Getting last project path.
Loading project C:\Users\etienne\Desktop\eric.db
Loading workbox.
Initialisation of workflow with size (2000,600)
Loading toolbox.
Loading databasebox.
Loading Editors.
Creating propertiesEditorBox.
Creating Main Armadillo Workflow.
Initialisation small editor...
Loading database.
Loading last workbox with ID [192].
Loading sequence manager.
Loading tree manager.
Loading alignment manager.
done loading...
Setting icon images.

Armadillo Workflow Platform (c) 2009-2015
Starting 2015-11-16 13:47:25
Initializing...
Loading icons.
Not Set: properties	C:\Users\etienne\Documents\GitHub\armadillo2\data\properties\compare_distance.properties
C:\Users\etienne\Documents\GitHub\armadillo2\data\properties\compare_distance.properties
Not Set: properties	C:\Users\etienne\Documents\GitHub\armadillo2\data\properties\filter_sequence.properties
C:\Users\etienne\Documents\GitHub\armadillo2\data\properties\filter_sequence.properties
Loaded 129 images for workflow
Getting last project path.
Loading project C:\Users\etienne\Desktop\eric.db
Loading workbox.
Initialisation of workflow with size (2000,600)
Loading toolbox.
Loading databasebox.
Loading Editors.
Creating propertiesEditorBox.
Creating Main Armadillo Workflow.
Initialisation small editor...
Loading database.
Loading last workbox with ID [192].
Loading sequence manager.
Loading tree manager.
Loading alignment manager.
done loading...
Setting icon images.

Armadillo Workflow Platform (c) 2009-2015
Starting 2015-11-16 13:51:09
Initializing...
Loading icons.
Not Set: properties	C:\Users\etienne\Documents\GitHub\armadillo2\data\properties\compare_distance.properties
C:\Users\etienne\Documents\GitHub\armadillo2\data\properties\compare_distance.properties
Not Set: properties	C:\Users\etienne\Documents\GitHub\armadillo2\data\properties\filter_sequence.properties
C:\Users\etienne\Documents\GitHub\armadillo2\data\properties\filter_sequence.properties
Loaded 129 images for workflow
Getting last project path.
Loading project C:\Users\etienne\Desktop\eric.db
Loading workbox.
Initialisation of workflow with size (2000,600)
Loading toolbox.
Loading databasebox.
Loading Editors.
Creating propertiesEditorBox.
Creating Main Armadillo Workflow.
Initialisation small editor...
Loading database.
Loading last workbox with ID [192].
Loading sequence manager.
Loading tree manager.
Loading alignment manager.
done loading...
Setting icon images.

Armadillo Workflow Platform (c) 2009-2015
Starting 2015-11-16 13:53:08
Initializing...
Loading icons.
Not Set: properties	C:\Users\etienne\Documents\GitHub\armadillo2\data\properties\compare_distance.properties
C:\Users\etienne\Documents\GitHub\armadillo2\data\properties\compare_distance.properties
Not Set: properties	C:\Users\etienne\Documents\GitHub\armadillo2\data\properties\filter_sequence.properties
C:\Users\etienne\Documents\GitHub\armadillo2\data\properties\filter_sequence.properties
Loaded 129 images for workflow
Getting last project path.
Loading project C:\Users\etienne\Desktop\eric.db
Loading workbox.
Initialisation of workflow with size (2000,600)
Loading toolbox.
Loading databasebox.
Loading Editors.
Creating propertiesEditorBox.
Creating Main Armadillo Workflow.
Initialisation small editor...
Loading database.
Loading last workbox with ID [192].
Loading sequence manager.
Loading tree manager.
Loading alignment manager.
done loading...
Setting icon images.

Armadillo Workflow Platform (c) 2009-2015
Starting 2015-11-16 13:55:40
Initializing...
Loading icons.
Not Set: properties	C:\Users\etienne\Documents\GitHub\armadillo2\data\properties\compare_distance.properties
C:\Users\etienne\Documents\GitHub\armadillo2\data\properties\compare_distance.properties
Not Set: properties	C:\Users\etienne\Documents\GitHub\armadillo2\data\properties\filter_sequence.properties
C:\Users\etienne\Documents\GitHub\armadillo2\data\properties\filter_sequence.properties
Loaded 129 images for workflow
Getting last project path.
Loading project C:\Users\etienne\Desktop\eric.db
Loading workbox.
Initialisation of workflow with size (2000,600)
Loading toolbox.
Loading databasebox.
Loading Editors.
Creating propertiesEditorBox.
Creating Main Armadillo Workflow.
Initialisation small editor...
Loading database.
Loading last workbox with ID [192].
Loading sequence manager.
Loading tree manager.
Loading alignment manager.
done loading...
Setting icon images.

Armadillo Workflow Platform (c) 2009-2015
Starting 2015-11-16 13:58:33
Initializing...
Loading icons.
Not Set: properties	C:\Users\etienne\Documents\GitHub\armadillo2\data\properties\compare_distance.properties
C:\Users\etienne\Documents\GitHub\armadillo2\data\properties\compare_distance.properties
Not Set: properties	C:\Users\etienne\Documents\GitHub\armadillo2\data\properties\filter_sequence.properties
C:\Users\etienne\Documents\GitHub\armadillo2\data\properties\filter_sequence.properties
Loaded 129 images for workflow
Getting last project path.
Loading project C:\Users\etienne\Desktop\eric.db
Loading workbox.
Initialisation of workflow with size (2000,600)
Loading toolbox.
Loading databasebox.
Loading Editors.
Creating propertiesEditorBox.
Creating Main Armadillo Workflow.
Initialisation small editor...
Loading database.
Loading last workbox with ID [192].
Loading sequence manager.
Loading tree manager.
Loading alignment manager.
done loading...
Setting icon images.

Armadillo Workflow Platform (c) 2009-2015
Starting 2015-11-16 14:05:26
Initializing...
Loading icons.
Not Set: properties	C:\Users\etienne\Documents\GitHub\armadillo2\data\properties\compare_distance.properties
C:\Users\etienne\Documents\GitHub\armadillo2\data\properties\compare_distance.properties
Not Set: properties	C:\Users\etienne\Documents\GitHub\armadillo2\data\properties\filter_sequence.properties
C:\Users\etienne\Documents\GitHub\armadillo2\data\properties\filter_sequence.properties
Loaded 129 images for workflow
Getting last project path.
Loading project C:\Users\etienne\Desktop\eric.db
Loading workbox.
Initialisation of workflow with size (2000,600)
Loading toolbox.
Loading databasebox.
Loading Editors.
Creating propertiesEditorBox.
Creating Main Armadillo Workflow.
Initialisation small editor...
Loading database.
Loading last workbox with ID [192].
Loading sequence manager.
Loading tree manager.
Loading alignment manager.
done loading...
Setting icon images.

Armadillo Workflow Platform (c) 2009-2015
Starting 2015-11-16 14:07:46
Initializing...
Loading icons.
Not Set: properties	C:\Users\etienne\Documents\GitHub\armadillo2\data\properties\compare_distance.properties
C:\Users\etienne\Documents\GitHub\armadillo2\data\properties\compare_distance.properties
Not Set: properties	C:\Users\etienne\Documents\GitHub\armadillo2\data\properties\filter_sequence.properties
C:\Users\etienne\Documents\GitHub\armadillo2\data\properties\filter_sequence.properties
Loaded 129 images for workflow
Getting last project path.
Loading project C:\Users\etienne\Desktop\eric.db
Loading workbox.
Initialisation of workflow with size (2000,600)
Loading toolbox.
Loading databasebox.
Loading Editors.
Creating propertiesEditorBox.
Creating Main Armadillo Workflow.
Initialisation small editor...
Loading database.
Loading last workbox with ID [192].
Loading sequence manager.
Loading tree manager.
Loading alignment manager.
done loading...
Setting icon images.

Armadillo Workflow Platform (c) 2009-2015
Starting 2015-11-16 14:34:43
Initializing...
Loading icons.
Not Set: properties	C:\Users\etienne\Documents\GitHub\armadillo2\data\properties\compare_distance.properties
C:\Users\etienne\Documents\GitHub\armadillo2\data\properties\compare_distance.properties
Not Set: properties	C:\Users\etienne\Documents\GitHub\armadillo2\data\properties\filter_sequence.properties
C:\Users\etienne\Documents\GitHub\armadillo2\data\properties\filter_sequence.properties
Loaded 129 images for workflow
Getting last project path.
Loading project C:\Users\etienne\Desktop\eric.db
Loading workbox.
Initialisation of workflow with size (2000,600)
Loading toolbox.
Loading databasebox.
Loading Editors.
Creating propertiesEditorBox.
Creating Main Armadillo Workflow.
Initialisation small editor...
Loading database.
Loading last workbox with ID [192].
Loading sequence manager.
Loading tree manager.
Loading alignment manager.
done loading...
Setting icon images.

Armadillo Workflow Platform (c) 2009-2015
Starting 2015-11-16 14:49:24
Initializing...
Loading icons.
Not Set: properties	C:\Users\etienne\Documents\GitHub\armadillo2\data\properties\compare_distance.properties
C:\Users\etienne\Documents\GitHub\armadillo2\data\properties\compare_distance.properties
Not Set: properties	C:\Users\etienne\Documents\GitHub\armadillo2\data\properties\filter_sequence.properties
C:\Users\etienne\Documents\GitHub\armadillo2\data\properties\filter_sequence.properties
Loaded 129 images for workflow
Getting last project path.
Loading project C:\Users\etienne\Desktop\eric.db
Loading workbox.
Initialisation of workflow with size (2000,600)
Loading toolbox.
Loading databasebox.
Loading Editors.
Creating propertiesEditorBox.
Creating Main Armadillo Workflow.
Initialisation small editor...
Loading database.
Loading last workbox with ID [192].
Loading sequence manager.
Loading tree manager.
Loading alignment manager.
done loading...
Setting icon images.

Armadillo Workflow Platform (c) 2009-2015
Starting 2015-11-16 14:52:06
Initializing...
Loading icons.
Not Set: properties	C:\Users\etienne\Documents\GitHub\armadillo2\data\properties\compare_distance.properties
C:\Users\etienne\Documents\GitHub\armadillo2\data\properties\compare_distance.properties
Not Set: properties	C:\Users\etienne\Documents\GitHub\armadillo2\data\properties\filter_sequence.properties
C:\Users\etienne\Documents\GitHub\armadillo2\data\properties\filter_sequence.properties
Loaded 129 images for workflow
Getting last project path.
Loading project C:\Users\etienne\Desktop\eric.db
Loading workbox.
Initialisation of workflow with size (2000,600)
Loading toolbox.
Loading databasebox.
Loading Editors.
Creating propertiesEditorBox.
Creating Main Armadillo Workflow.
Initialisation small editor...
Loading database.
Loading last workbox with ID [192].
Loading sequence manager.
Loading tree manager.
Loading alignment manager.
done loading...
Setting icon images.

Armadillo Workflow Platform (c) 2009-2015
Starting 2015-11-16 15:01:07
Initializing...
Loading icons.
Not Set: properties	C:\Users\etienne\Documents\GitHub\armadillo2\data\properties\compare_distance.properties
C:\Users\etienne\Documents\GitHub\armadillo2\data\properties\compare_distance.properties
Not Set: properties	C:\Users\etienne\Documents\GitHub\armadillo2\data\properties\filter_sequence.properties
C:\Users\etienne\Documents\GitHub\armadillo2\data\properties\filter_sequence.properties
Loaded 129 images for workflow
Getting last project path.
Loading project C:\Users\etienne\Desktop\eric.db
Loading workbox.
Initialisation of workflow with size (2000,600)
Loading toolbox.
Loading databasebox.
Loading Editors.
Creating propertiesEditorBox.
Creating Main Armadillo Workflow.
Initialisation small editor...
Loading database.
Loading last workbox with ID [192].
Loading sequence manager.
Loading tree manager.
Loading alignment manager.
done loading...
Setting icon images.

Armadillo Workflow Platform (c) 2009-2015
Starting 2015-11-16 15:08:51
Initializing...
Loading icons.
Not Set: properties	C:\Users\etienne\Documents\GitHub\armadillo2\data\properties\compare_distance.properties
C:\Users\etienne\Documents\GitHub\armadillo2\data\properties\compare_distance.properties
Not Set: properties	C:\Users\etienne\Documents\GitHub\armadillo2\data\properties\filter_sequence.properties
C:\Users\etienne\Documents\GitHub\armadillo2\data\properties\filter_sequence.properties
Loaded 129 images for workflow
Getting last project path.
Loading project C:\Users\etienne\Desktop\eric.db
Loading workbox.
Initialisation of workflow with size (2000,600)
Loading toolbox.
Loading databasebox.
Loading Editors.
Creating propertiesEditorBox.
Creating Main Armadillo Workflow.
Initialisation small editor...
Loading database.
Loading last workbox with ID [192].
Loading sequence manager.
Loading tree manager.
Loading alignment manager.
done loading...
Setting icon images.

Armadillo Workflow Platform (c) 2009-2015
Starting 2015-11-16 15:10:01
Initializing...
Loading icons.
Not Set: properties	C:\Users\etienne\Documents\GitHub\armadillo2\data\properties\compare_distance.properties
C:\Users\etienne\Documents\GitHub\armadillo2\data\properties\compare_distance.properties
Not Set: properties	C:\Users\etienne\Documents\GitHub\armadillo2\data\properties\filter_sequence.properties
C:\Users\etienne\Documents\GitHub\armadillo2\data\properties\filter_sequence.properties
Loaded 129 images for workflow
Getting last project path.
Loading project C:\Users\etienne\Desktop\eric.db
Loading workbox.
Initialisation of workflow with size (2000,600)
Loading toolbox.
Loading databasebox.
Loading Editors.
Creating propertiesEditorBox.
Creating Main Armadillo Workflow.
Initialisation small editor...
Loading database.
Loading last workbox with ID [192].
Loading sequence manager.
Loading tree manager.
Loading alignment manager.
done loading...
Setting icon images.

Armadillo Workflow Platform (c) 2009-2015
Starting 2015-11-16 15:10:54
Initializing...
Loading icons.
Not Set: properties	C:\Users\etienne\Documents\GitHub\armadillo2\data\properties\compare_distance.properties
C:\Users\etienne\Documents\GitHub\armadillo2\data\properties\compare_distance.properties
Not Set: properties	C:\Users\etienne\Documents\GitHub\armadillo2\data\properties\filter_sequence.properties
C:\Users\etienne\Documents\GitHub\armadillo2\data\properties\filter_sequence.properties
Loaded 129 images for workflow
Getting last project path.
Loading project C:\Users\etienne\Desktop\eric.db
Loading workbox.
Initialisation of workflow with size (2000,600)
Loading toolbox.
Loading databasebox.
Loading Editors.
Creating propertiesEditorBox.
Creating Main Armadillo Workflow.
Initialisation small editor...
Loading database.
Loading last workbox with ID [192].
Loading sequence manager.
Loading tree manager.
Loading alignment manager.
done loading...
Setting icon images.

Armadillo Workflow Platform (c) 2009-2015
Starting 2015-11-16 15:13:45
Initializing...
Loading icons.
Not Set: properties	C:\Users\etienne\Documents\GitHub\armadillo2\data\properties\compare_distance.properties
C:\Users\etienne\Documents\GitHub\armadillo2\data\properties\compare_distance.properties
Not Set: properties	C:\Users\etienne\Documents\GitHub\armadillo2\data\properties\filter_sequence.properties
C:\Users\etienne\Documents\GitHub\armadillo2\data\properties\filter_sequence.properties
Loaded 129 images for workflow
Getting last project path.
Loading project C:\Users\etienne\Desktop\eric.db
Loading workbox.
Initialisation of workflow with size (2000,600)
Loading toolbox.
Loading databasebox.
Loading Editors.
Creating propertiesEditorBox.
Creating Main Armadillo Workflow.
Initialisation small editor...
Loading database.
Loading last workbox with ID [192].
Loading sequence manager.
Loading tree manager.
Loading alignment manager.
done loading...
Setting icon images.

Armadillo Workflow Platform (c) 2009-2015
Starting 2015-11-16 15:18:33
Initializing...
Loading icons.
Not Set: properties	C:\Users\etienne\Documents\GitHub\armadillo2\data\properties\compare_distance.properties
C:\Users\etienne\Documents\GitHub\armadillo2\data\properties\compare_distance.properties
Not Set: properties	C:\Users\etienne\Documents\GitHub\armadillo2\data\properties\filter_sequence.properties
C:\Users\etienne\Documents\GitHub\armadillo2\data\properties\filter_sequence.properties
Loaded 129 images for workflow
Getting last project path.
Loading project C:\Users\etienne\Desktop\eric.db
Loading workbox.
Initialisation of workflow with size (2000,600)
Loading toolbox.
Loading databasebox.
Loading Editors.
Creating propertiesEditorBox.
Creating Main Armadillo Workflow.
Initialisation small editor...
Loading database.
Loading last workbox with ID [192].
Loading sequence manager.
Loading tree manager.
Loading alignment manager.
done loading...
Setting icon images.

Armadillo Workflow Platform (c) 2009-2015
Starting 2015-11-16 15:27:07
Initializing...
Loading icons.
Not Set: properties	C:\Users\etienne\Documents\GitHub\armadillo2\data\properties\compare_distance.properties
C:\Users\etienne\Documents\GitHub\armadillo2\data\properties\compare_distance.properties
Not Set: properties	C:\Users\etienne\Documents\GitHub\armadillo2\data\properties\filter_sequence.properties
C:\Users\etienne\Documents\GitHub\armadillo2\data\properties\filter_sequence.properties
Loaded 129 images for workflow
Getting last project path.
Loading project C:\Users\etienne\Desktop\eric.db
Loading workbox.
Initialisation of workflow with size (2000,600)
Loading toolbox.
Loading databasebox.
Loading Editors.
Creating propertiesEditorBox.
Creating Main Armadillo Workflow.
Initialisation small editor...
Loading database.
Loading last workbox with ID [192].
Loading sequence manager.
Loading tree manager.
Loading alignment manager.
done loading...
Setting icon images.

Armadillo Workflow Platform (c) 2009-2015
Starting 2015-11-16 15:30:45
Initializing...
Loading icons.
Not Set: properties	C:\Users\etienne\Documents\GitHub\armadillo2\data\properties\compare_distance.properties
C:\Users\etienne\Documents\GitHub\armadillo2\data\properties\compare_distance.properties
Not Set: properties	C:\Users\etienne\Documents\GitHub\armadillo2\data\properties\filter_sequence.properties
C:\Users\etienne\Documents\GitHub\armadillo2\data\properties\filter_sequence.properties
Loaded 129 images for workflow
Getting last project path.
Loading project C:\Users\etienne\Desktop\eric.db
Loading workbox.
Initialisation of workflow with size (2000,600)
Loading toolbox.
Loading databasebox.
Loading Editors.
Creating propertiesEditorBox.
Creating Main Armadillo Workflow.
Initialisation small editor...
Loading database.
Loading last workbox with ID [192].
Loading sequence manager.
Loading tree manager.
Loading alignment manager.
done loading...
Setting icon images.

Armadillo Workflow Platform (c) 2009-2015
Starting 2015-11-16 15:32:43
Initializing...
Loading icons.
Not Set: properties	C:\Users\etienne\Documents\GitHub\armadillo2\data\properties\compare_distance.properties
C:\Users\etienne\Documents\GitHub\armadillo2\data\properties\compare_distance.properties
Not Set: properties	C:\Users\etienne\Documents\GitHub\armadillo2\data\properties\filter_sequence.properties
C:\Users\etienne\Documents\GitHub\armadillo2\data\properties\filter_sequence.properties
Loaded 129 images for workflow
Getting last project path.
Loading project C:\Users\etienne\Desktop\eric.db
Loading workbox.
Initialisation of workflow with size (2000,600)
Loading toolbox.
Loading databasebox.
Loading Editors.
Creating propertiesEditorBox.
Creating Main Armadillo Workflow.
Initialisation small editor...
Loading database.
Loading last workbox with ID [192].
Loading sequence manager.
Loading tree manager.
Loading alignment manager.
done loading...
Setting icon images.

Armadillo Workflow Platform (c) 2009-2015
Starting 2015-11-16 15:36:58
Initializing...
Loading icons.
Not Set: properties	C:\Users\etienne\Documents\GitHub\armadillo2\data\properties\compare_distance.properties
C:\Users\etienne\Documents\GitHub\armadillo2\data\properties\compare_distance.properties
Not Set: properties	C:\Users\etienne\Documents\GitHub\armadillo2\data\properties\filter_sequence.properties
C:\Users\etienne\Documents\GitHub\armadillo2\data\properties\filter_sequence.properties
Loaded 129 images for workflow
Getting last project path.
Loading project C:\Users\etienne\Desktop\eric.db
Loading workbox.
Initialisation of workflow with size (2000,600)
Loading toolbox.
Loading databasebox.
Loading Editors.
Creating propertiesEditorBox.
Creating Main Armadillo Workflow.
Initialisation small editor...
Loading database.
Loading last workbox with ID [192].
Loading sequence manager.
Loading tree manager.
Loading alignment manager.
done loading...
Setting icon images.

Armadillo Workflow Platform (c) 2009-2015
Starting 2015-11-16 15:38:45
Initializing...
Loading icons.
Not Set: properties	C:\Users\etienne\Documents\GitHub\armadillo2\data\properties\compare_distance.properties
C:\Users\etienne\Documents\GitHub\armadillo2\data\properties\compare_distance.properties
Not Set: properties	C:\Users\etienne\Documents\GitHub\armadillo2\data\properties\filter_sequence.properties
C:\Users\etienne\Documents\GitHub\armadillo2\data\properties\filter_sequence.properties
Loaded 129 images for workflow
Getting last project path.
Loading project C:\Users\etienne\Desktop\eric.db
Loading workbox.
Initialisation of workflow with size (2000,600)
Loading toolbox.
Loading databasebox.
Loading Editors.
Creating propertiesEditorBox.
Creating Main Armadillo Workflow.
Initialisation small editor...
Loading database.
Loading last workbox with ID [192].
Loading sequence manager.
Loading tree manager.
Loading alignment manager.
done loading...
Setting icon images.

Armadillo Workflow Platform (c) 2009-2015
Starting 2015-11-16 15:39:16
Initializing...
Loading icons.
Not Set: properties	C:\Users\etienne\Documents\GitHub\armadillo2\data\properties\compare_distance.properties
C:\Users\etienne\Documents\GitHub\armadillo2\data\properties\compare_distance.properties
Not Set: properties	C:\Users\etienne\Documents\GitHub\armadillo2\data\properties\filter_sequence.properties
C:\Users\etienne\Documents\GitHub\armadillo2\data\properties\filter_sequence.properties
Loaded 129 images for workflow
Getting last project path.
Loading project C:\Users\etienne\Desktop\eric.db
Loading workbox.
Initialisation of workflow with size (2000,600)
Loading toolbox.
Loading databasebox.
Loading Editors.
Creating propertiesEditorBox.
Creating Main Armadillo Workflow.
Initialisation small editor...
Loading database.
Loading last workbox with ID [192].
Loading sequence manager.
Loading tree manager.
Loading alignment manager.
done loading...
Setting icon images.

Armadillo Workflow Platform (c) 2009-2015
Starting 2015-11-16 15:46:45
Initializing...
Loading icons.
Not Set: properties	C:\Users\etienne\Documents\GitHub\armadillo2\data\properties\compare_distance.properties
C:\Users\etienne\Documents\GitHub\armadillo2\data\properties\compare_distance.properties
Not Set: properties	C:\Users\etienne\Documents\GitHub\armadillo2\data\properties\filter_sequence.properties
C:\Users\etienne\Documents\GitHub\armadillo2\data\properties\filter_sequence.properties
Loaded 129 images for workflow
Getting last project path.
Loading project C:\Users\etienne\Desktop\eric.db
Loading workbox.
Initialisation of workflow with size (2000,600)
Loading toolbox.
Loading databasebox.
Loading Editors.
Creating propertiesEditorBox.
Creating Main Armadillo Workflow.
Initialisation small editor...
Loading database.
Loading last workbox with ID [192].
Loading sequence manager.
Loading tree manager.
Loading alignment manager.
done loading...
Setting icon images.
Unable to get class: biologic.Not Set
Unable to get class: biologic.Not Set
Unable to get class: biologic.Not Set
Unable to get class: biologic.Not Set
Unable to get class: biologic.Not Set
Unable to get class: biologic.Not Set
Unable to get class: biologic.Not Set
Unable to get class: biologic.Not Set
Unable to get class: biologic.Not Set
Unable to get class: biologic.Not Set
Unable to get class: biologic.Not Set
Unable to get class: biologic.Not Set
Unable to get class: biologic.Not Set
Unable to get class: biologic.Not Set
Unable to get class: biologic.Not Set
Unable to get class: biologic.Not Set
Unable to get class: biologic.Not Set
Unable to get class: biologic.Not Set
Unable to get class: biologic.Not Set
Unable to get class: biologic.Not Set
Unable to get class: biologic.Not Set
Unable to get class: biologic.Not Set
Unable to get class: biologic.Not Set
Unable to get class: biologic.Not Set
Unable to get class: biologic.Not Set
Unable to get class: biologic.Not Set
Unable to get class: biologic.Not Set
Unable to get class: biologic.Not Set
Unable to get class: biologic.Not Set
Unable to get class: biologic.Not Set
Unable to get class: biologic.Not Set
Unable to get class: biologic.Not Set
Unable to get class: biologic.Not Set
Unable to get class: biologic.Not Set
Unable to get class: biologic.Not Set
Unable to get class: biologic.Not Set
Unable to get class: biologic.Not Set
Unable to get class: biologic.Not Set
Unable to get class: biologic.Not Set
Unable to get class: biologic.Not Set
Unable to get class: biologic.Not Set
Unable to get class: biologic.Not Set
Unable to get class: biologic.Not Set
Unable to get class: biologic.Not Set
Unable to get class: biologic.Not Set
Unable to get class: biologic.Not Set
Unable to get class: biologic.Not Set
Unable to get class: biologic.Not Set
Unable to get class: biologic.Not Set
Unable to get class: biologic.Not Set
Unable to get class: biologic.Not Set
Unable to get class: biologic.Not Set
Unable to get class: biologic.Not Set
Unable to get class: biologic.Not Set
Unable to get class: biologic.Not Set
Unable to get class: biologic.Not Set
Unable to get class: biologic.Not Set
Unable to get class: biologic.Not Set
Unable to get class: biologic.Not Set
Unable to get class: biologic.Not Set
Unable to get class: biologic.Not Set
Unable to get class: biologic.Not Set
Unable to get class: biologic.Not Set
Unable to get class: biologic.Not Set
Unable to get class: biologic.Not Set
Unable to get class: biologic.Not Set
Unable to get class: biologic.Not Set
Unable to get class: biologic.Not Set
Unable to get class: biologic.Not Set
Unable to get class: biologic.Not Set
Unable to get class: biologic.Not Set
Unable to get class: biologic.Not Set
Unable to get class: biologic.Not Set
Unable to get class: biologic.Not Set
Unable to get class: biologic.Not Set
Unable to get class: biologic.Not Set
Unable to get class: biologic.Not Set
Unable to get class: biologic.Not Set
Unable to get class: biologic.Not Set
Unable to get class: biologic.Not Set
Unable to get class: biologic.Not Set
Unable to get class: biologic.Not Set
Unable to get class: biologic.Not Set
Unable to get class: biologic.Not Set
Unable to get class: biologic.Not Set
Unable to get class: biologic.Not Set
Unable to get class: biologic.Not Set
Unable to get class: biologic.Not Set
Unable to get class: biologic.Not Set
Unable to get class: biologic.Not Set
Unable to get class: biologic.Not Set
Unable to get class: biologic.Not Set
Unable to get class: biologic.Not Set
Unable to get class: biologic.Not Set
Unable to get class: biologic.Not Set
Unable to get class: biologic.Not Set
Unable to get class: biologic.Not Set
Unable to get class: biologic.Not Set
Unable to get class: biologic.Not Set
Unable to get class: biologic.Not Set
Unable to get class: biologic.Not Set
Unable to get class: biologic.Not Set
Unable to get class: biologic.Not Set
Unable to get class: biologic.Not Set
Unable to get class: biologic.Not Set
Unable to get class: biologic.Not Set
Unable to get class: biologic.Not Set
Unable to get class: biologic.Not Set
Unable to get class: biologic.Not Set
Unable to get class: biologic.Not Set
Unable to get class: biologic.Not Set
Unable to get class: biologic.Not Set
Unable to get class: biologic.Not Set
Unable to get class: biologic.Not Set
Unable to get class: biologic.Not Set
Unable to get class: biologic.Not Set
Unable to get class: biologic.Not Set
Unable to get class: biologic.Not Set
Unable to get class: biologic.Not Set
Unable to get class: biologic.Not Set
Unable to get class: biologic.Not Set
Unable to get class: biologic.Not Set
Unable to get class: biologic.Not Set
Unable to get class: biologic.Not Set
Unable to get class: biologic.Not Set
Unable to get class: biologic.Not Set
Unable to get class: biologic.Not Set
Unable to get class: biologic.Not Set
Unable to get class: biologic.Not Set
Unable to get class: biologic.Not Set
Unable to get class: biologic.Not Set
Unable to get class: biologic.Not Set
Unable to get class: biologic.Not Set
Unable to get class: biologic.Not Set
Unable to get class: biologic.Not Set
Unable to get class: biologic.Not Set
Unable to get class: biologic.Not Set
Unable to get class: biologic.Not Set
Unable to get class: biologic.Not Set
Unable to get class: biologic.Not Set
Unable to get class: biologic.Not Set
Unable to get class: biologic.Not Set
Unable to get class: biologic.Not Set
Unable to get class: biologic.Not Set
Unable to get class: biologic.Not Set
Unable to get class: biologic.Not Set
Unable to get class: biologic.Not Set
Unable to get class: biologic.Not Set
Unable to get class: biologic.Not Set
Unable to get class: biologic.Not Set
Unable to get class: biologic.Not Set
Unable to get class: biologic.Not Set
Unable to get class: biologic.Not Set
Unable to get class: biologic.Not Set
Unable to get class: biologic.Not Set
Unable to get class: biologic.Not Set
Unable to get class: biologic.Not Set
Unable to get class: biologic.Not Set
Unable to get class: biologic.Not Set
Unable to get class: biologic.Not Set
Unable to get class: biologic.Not Set
Unable to get class: biologic.Not Set
Unable to get class: biologic.Not Set
Unable to get class: biologic.Not Set
Unable to get class: biologic.Not Set
Unable to get class: biologic.Not Set
Unable to get class: biologic.Not Set
Unable to get class: biologic.Not Set
Unable to get class: biologic.Not Set
Unable to get class: biologic.Not Set
Unable to get class: biologic.Not Set
Unable to get class: biologic.Not Set
Unable to get class: biologic.Not Set
Unable to get class: biologic.Not Set
Unable to get class: biologic.Not Set
Unable to get class: biologic.Not Set
Unable to get class: biologic.Not Set
Unable to get class: biologic.Not Set
Unable to get class: biologic.Not Set
Unable to get class: biologic.Not Set
Unable to get class: biologic.Not Set
Unable to get class: biologic.Not Set
Unable to get class: biologic.Not Set
Unable to get class: biologic.Not Set
Unable to get class: biologic.Not Set
Unable to get class: biologic.Not Set
Unable to get class: biologic.Not Set
Unable to get class: biologic.Not Set
Unable to get class: biologic.Not Set
Unable to get class: biologic.Not Set
Unable to get class: biologic.Not Set
Unable to get class: biologic.Not Set
Unable to get class: biologic.Not Set
Unable to get class: biologic.Not Set
Unable to get class: biologic.Not Set
Unable to get class: biologic.Not Set
Unable to get class: biologic.Not Set
Unable to get class: biologic.Not Set
Unable to get class: biologic.Not Set
Unable to get class: biologic.Not Set
Unable to get class: biologic.Not Set
Unable to get class: biologic.Not Set
Unable to get class: biologic.Not Set
Unable to get class: biologic.Not Set
Unable to get class: biologic.Not Set
Unable to get class: biologic.Not Set
Unable to get class: biologic.Not Set
Unable to get class: biologic.Not Set
Unable to get class: biologic.Not Set
Unable to get class: biologic.Not Set
Unable to get class: biologic.Not Set
Unable to get class: biologic.Not Set
Unable to get class: biologic.Not Set
Unable to get class: biologic.Not Set
Unable to get class: biologic.Not Set
Unable to get class: biologic.Not Set
Unable to get class: biologic.Not Set
Unable to get class: biologic.Not Set
Unable to get class: biologic.Not Set
Unable to get class: biologic.Not Set
Unable to get class: biologic.Not Set
Unable to get class: biologic.Not Set
Unable to get class: biologic.Not Set
Unable to get class: biologic.Not Set
Unable to get class: biologic.Not Set
Unable to get class: biologic.Not Set
Unable to get class: biologic.Not Set
Unable to get class: biologic.Not Set
Unable to get class: biologic.Not Set
Unable to get class: biologic.Not Set
Unable to get class: biologic.Not Set
Unable to get class: biologic.Not Set
Unable to get class: biologic.Not Set
Unable to get class: biologic.Not Set
Unable to get class: biologic.Not Set
Unable to get class: biologic.Not Set
Unable to get class: biologic.Not Set
Unable to get class: biologic.Not Set
Unable to get class: biologic.Not Set
Unable to get class: biologic.Not Set
Unable to get class: biologic.Not Set
Unable to get class: biologic.Not Set
Unable to get class: biologic.Not Set
Unable to get class: biologic.Not Set
Unable to get class: biologic.Not Set
Unable to get class: biologic.Not Set
Unable to get class: biologic.Not Set
Unable to get class: biologic.Not Set
Unable to get class: biologic.Not Set
Unable to get class: biologic.Not Set
Unable to get class: biologic.Not Set
Unable to get class: biologic.Not Set
Unable to get class: biologic.Not Set
Unable to get class: biologic.Not Set
Unable to get class: biologic.Not Set
Unable to get class: biologic.Not Set
Unable to get class: biologic.Not Set
Unable to get class: biologic.Not Set
Unable to get class: biologic.Not Set
Unable to get class: biologic.Not Set
Unable to get class: biologic.Not Set
Unable to get class: biologic.Not Set
Unable to get class: biologic.Not Set
Unable to get class: biologic.Not Set
Unable to get class: biologic.Not Set
Unable to get class: biologic.Not Set
Unable to get class: biologic.Not Set
Unable to get class: biologic.Not Set
Unable to get class: biologic.Not Set
Unable to get class: biologic.Not Set
Unable to get class: biologic.Not Set
Unable to get class: biologic.Not Set
Unable to get class: biologic.Not Set
Unable to get class: biologic.Not Set
Unable to get class: biologic.Not Set
Unable to get class: biologic.Not Set
Unable to get class: biologic.Not Set
Unable to get class: biologic.Not Set
Unable to get class: biologic.Not Set
Unable to get class: biologic.Not Set
Unable to get class: biologic.Not Set
Unable to get class: biologic.Not Set
Unable to get class: biologic.Not Set
Unable to get class: biologic.Not Set
Unable to get class: biologic.Not Set
Unable to get class: biologic.Not Set
Unable to get class: biologic.Not Set
Unable to get class: biologic.Not Set
Unable to get class: biologic.Not Set
Unable to get class: biologic.Not Set
Unable to get class: biologic.Not Set
Unable to get class: biologic.Not Set
Unable to get class: biologic.Not Set
Unable to get class: biologic.Not Set
Unable to get class: biologic.Not Set
Unable to get class: biologic.Not Set
Unable to get class: biologic.Not Set
Unable to get class: biologic.Not Set
Unable to get class: biologic.Not Set
Unable to get class: biologic.Not Set
Unable to get class: biologic.Not Set
Unable to get class: biologic.Not Set
Unable to get class: biologic.Not Set
Unable to get class: biologic.Not Set
Unable to get class: biologic.Not Set
Unable to get class: biologic.Not Set
Unable to get class: biologic.Not Set
Unable to get class: biologic.Not Set
Unable to get class: biologic.Not Set
Unable to get class: biologic.Not Set
Unable to get class: biologic.Not Set
Unable to get class: biologic.Not Set
Unable to get class: biologic.Not Set
Unable to get class: biologic.Not Set
Unable to get class: biologic.Not Set
Unable to get class: biologic.Not Set
Unable to get class: biologic.Not Set
Unable to get class: biologic.Not Set
Unable to get class: biologic.Not Set
Unable to get class: biologic.Not Set
Unable to get class: biologic.Not Set
Unable to get class: biologic.Not Set
Unable to get class: biologic.Not Set
Unable to get class: biologic.Not Set
Unable to get class: biologic.Not Set
Unable to get class: biologic.Not Set
Unable to get class: biologic.Not Set
Unable to get class: biologic.Not Set
Unable to get class: biologic.Not Set
Unable to get class: biologic.Not Set
Unable to get class: biologic.Not Set
Unable to get class: biologic.Not Set
Unable to get class: biologic.Not Set
Unable to get class: biologic.Not Set
Unable to get class: biologic.Not Set
Unable to get class: biologic.Not Set
Unable to get class: biologic.Not Set
Unable to get class: biologic.Not Set
Unable to get class: biologic.Not Set
Unable to get class: biologic.Not Set
Unable to get class: biologic.Not Set
Unable to get class: biologic.Not Set
Unable to get class: biologic.Not Set
Unable to get class: biologic.Not Set
Unable to get class: biologic.Not Set
Unable to get class: biologic.Not Set
Unable to get class: biologic.Not Set
Unable to get class: biologic.Not Set
Unable to get class: biologic.Not Set
Unable to get class: biologic.Not Set
Unable to get class: biologic.Not Set
Unable to get class: biologic.Not Set
Unable to get class: biologic.Not Set
Unable to get class: biologic.Not Set
Unable to get class: biologic.Not Set
Unable to get class: biologic.Not Set
Unable to get class: biologic.Not Set
Unable to get class: biologic.Not Set
Unable to get class: biologic.Not Set
Unable to get class: biologic.Not Set
Unable to get class: biologic.Not Set
Unable to get class: biologic.Not Set
Unable to get class: biologic.Not Set
Unable to get class: biologic.Not Set
Unable to get class: biologic.Not Set
Unable to get class: biologic.Not Set
Unable to get class: biologic.Not Set
Unable to get class: biologic.Not Set
Unable to get class: biologic.Not Set
Unable to get class: biologic.Not Set
Unable to get class: biologic.Not Set
Unable to get class: biologic.Not Set
Unable to get class: biologic.Not Set
Unable to get class: biologic.Not Set
Unable to get class: biologic.Not Set
Unable to get class: biologic.Not Set
Unable to get class: biologic.Not Set
Unable to get class: biologic.Not Set
Unable to get class: biologic.Not Set
Unable to get class: biologic.Not Set
Unable to get class: biologic.Not Set
Unable to get class: biologic.Not Set
Unable to get class: biologic.Not Set
Unable to get class: biologic.Not Set
Unable to get class: biologic.Not Set
Unable to get class: biologic.Not Set
Unable to get class: biologic.Not Set
Unable to get class: biologic.Not Set
Unable to get class: biologic.Not Set
Unable to get class: biologic.Not Set
Unable to get class: biologic.Not Set
Unable to get class: biologic.Not Set
Unable to get class: biologic.Not Set
Unable to get class: biologic.Not Set
Unable to get class: biologic.Not Set
Unable to get class: biologic.Not Set
Unable to get class: biologic.Not Set
Unable to get class: biologic.Not Set
Unable to get class: biologic.Not Set
Unable to get class: biologic.Not Set
Unable to get class: biologic.Not Set
Unable to get class: biologic.Not Set
Unable to get class: biologic.Not Set
Unable to get class: biologic.Not Set
Unable to get class: biologic.Not Set
Unable to get class: biologic.Not Set
Unable to get class: biologic.Not Set
Unable to get class: biologic.Not Set
Unable to get class: biologic.Not Set
Unable to get class: biologic.Not Set
Unable to get class: biologic.Not Set
Unable to get class: biologic.Not Set
Unable to get class: biologic.Not Set
Unable to get class: biologic.Not Set
Unable to get class: biologic.Not Set
Unable to get class: biologic.Not Set
Unable to get class: biologic.Not Set
Unable to get class: biologic.Not Set
Unable to get class: biologic.Not Set
Unable to get class: biologic.Not Set
Unable to get class: biologic.Not Set
Unable to get class: biologic.Not Set
Unable to get class: biologic.Not Set
Unable to get class: biologic.Not Set
Unable to get class: biologic.Not Set
Unable to get class: biologic.Not Set
Unable to get class: biologic.Not Set
Unable to get class: biologic.Not Set
Unable to get class: biologic.Not Set
Unable to get class: biologic.Not Set
Unable to get class: biologic.Not Set
Unable to get class: biologic.Not Set
Unable to get class: biologic.Not Set
Unable to get class: biologic.Not Set
Unable to get class: biologic.Not Set
Unable to get class: biologic.Not Set
Unable to get class: biologic.Not Set
Unable to get class: biologic.Not Set
Unable to get class: biologic.Not Set
Unable to get class: biologic.Not Set
Unable to get class: biologic.Not Set
Unable to get class: biologic.Not Set
Unable to get class: biologic.Not Set
Unable to get class: biologic.Not Set
Unable to get class: biologic.Not Set
Unable to get class: biologic.Not Set
Unable to get class: biologic.Not Set
Unable to get class: biologic.Not Set
Unable to get class: biologic.Not Set
Unable to get class: biologic.Not Set
Unable to get class: biologic.Not Set
Unable to get class: biologic.Not Set
Unable to get class: biologic.Not Set
Unable to get class: biologic.Not Set
Unable to get class: biologic.Not Set
Unable to get class: biologic.Not Set
Unable to get class: biologic.Not Set
Unable to get class: biologic.Not Set
Unable to get class: biologic.Not Set
Unable to get class: biologic.Not Set
Unable to get class: biologic.Not Set
Unable to get class: biologic.Not Set
Unable to get class: biologic.Not Set
Unable to get class: biologic.Not Set
Unable to get class: biologic.Not Set
Unable to get class: biologic.Not Set
Unable to get class: biologic.Not Set
Unable to get class: biologic.Not Set
Unable to get class: biologic.Not Set
Unable to get class: biologic.Not Set
Unable to get class: biologic.Not Set
Unable to get class: biologic.Not Set
Unable to get class: biologic.Not Set
Unable to get class: biologic.Not Set
Unable to get class: biologic.Not Set
Unable to get class: biologic.Not Set
Unable to get class: biologic.Not Set
Unable to get class: biologic.Not Set
Unable to get class: biologic.Not Set
Unable to get class: biologic.Not Set
Unable to get class: biologic.Not Set
Unable to get class: biologic.Not Set
Unable to get class: biologic.Not Set
Unable to get class: biologic.Not Set
Unable to get class: biologic.Not Set
Unable to get class: biologic.Not Set
Unable to get class: biologic.Not Set
Unable to get class: biologic.Not Set
Unable to get class: biologic.Not Set
Unable to get class: biologic.Not Set
Unable to get class: biologic.Not Set
Unable to get class: biologic.Not Set
Unable to get class: biologic.Not Set
Unable to get class: biologic.Not Set
Unable to get class: biologic.Not Set
Unable to get class: biologic.Not Set
Unable to get class: biologic.Not Set
Unable to get class: biologic.Not Set
Unable to get class: biologic.Not Set
Unable to get class: biologic.Not Set
Unable to get class: biologic.Not Set
Unable to get class: biologic.Not Set
Unable to get class: biologic.Not Set
Unable to get class: biologic.Not Set
Unable to get class: biologic.Not Set
Unable to get class: biologic.Not Set
Unable to get class: biologic.Not Set
Unable to get class: biologic.Not Set
Unable to get class: biologic.Not Set
Unable to get class: biologic.Not Set
Unable to get class: biologic.Not Set
Unable to get class: biologic.Not Set
Unable to get class: biologic.Not Set
Unable to get class: biologic.Not Set
Unable to get class: biologic.Not Set
Unable to get class: biologic.Not Set
Unable to get class: biologic.Not Set
Unable to get class: biologic.Not Set
Unable to get class: biologic.Not Set
Unable to get class: biologic.Not Set
Unable to get class: biologic.Not Set
Unable to get class: biologic.Not Set
Unable to get class: biologic.Not Set
Unable to get class: biologic.Not Set
Unable to get class: biologic.Not Set
Unable to get class: biologic.Not Set
Unable to get class: biologic.Not Set
Unable to get class: biologic.Not Set
Unable to get class: biologic.Not Set
Unable to get class: biologic.Not Set
Unable to get class: biologic.Not Set
Unable to get class: biologic.Not Set
Unable to get class: biologic.Not Set
Unable to get class: biologic.Not Set
Unable to get class: biologic.Not Set
Unable to get class: biologic.Not Set
Unable to get class: biologic.Not Set
Unable to get class: biologic.Not Set
Unable to get class: biologic.Not Set
Unable to get class: biologic.Not Set
Unable to get class: biologic.Not Set
Unable to get class: biologic.Not Set
Unable to get class: biologic.Not Set
Unable to get class: biologic.Not Set
Unable to get class: biologic.Not Set
Unable to get class: biologic.Not Set
Unable to get class: biologic.Not Set
Unable to get class: biologic.Not Set
Unable to get class: biologic.Not Set
Unable to get class: biologic.Not Set
Unable to get class: biologic.Not Set
Unable to get class: biologic.Not Set
Unable to get class: biologic.Not Set
Unable to get class: biologic.Not Set
Unable to get class: biologic.Not Set
Unable to get class: biologic.Not Set
Unable to get class: biologic.Not Set
Unable to get class: biologic.Not Set
Unable to get class: biologic.Not Set
Unable to get class: biologic.Not Set
Unable to get class: biologic.Not Set
Unable to get class: biologic.Not Set
Unable to get class: biologic.Not Set
Unable to get class: biologic.Not Set
Unable to get class: biologic.Not Set
Unable to get class: biologic.Not Set
Unable to get class: biologic.Not Set
Unable to get class: biologic.Not Set
Unable to get class: biologic.Not Set
Unable to get class: biologic.Not Set
Unable to get class: biologic.Not Set
Unable to get class: biologic.Not Set
Unable to get class: biologic.Not Set
Unable to get class: biologic.Not Set
Unable to get class: biologic.Not Set
Unable to get class: biologic.Not Set
Unable to get class: biologic.Not Set
Unable to get class: biologic.Not Set
Unable to get class: biologic.Not Set
Unable to get class: biologic.Not Set
Unable to get class: biologic.Not Set
Unable to get class: biologic.Not Set
Unable to get class: biologic.Not Set
Unable to get class: biologic.Not Set
Unable to get class: biologic.Not Set
Unable to get class: biologic.Not Set
Unable to get class: biologic.Not Set
Unable to get class: biologic.Not Set
Unable to get class: biologic.Not Set
Unable to get class: biologic.Not Set
Unable to get class: biologic.Not Set
Unable to get class: biologic.Not Set
Unable to get class: biologic.Not Set
Unable to get class: biologic.Not Set
Unable to get class: biologic.Not Set
Unable to get class: biologic.Not Set
Unable to get class: biologic.Not Set
Unable to get class: biologic.Not Set
Unable to get class: biologic.Not Set
Unable to get class: biologic.Not Set
Unable to get class: biologic.Not Set
Unable to get class: biologic.Not Set
Unable to get class: biologic.Not Set
Unable to get class: biologic.Not Set
Unable to get class: biologic.Not Set
Unable to get class: biologic.Not Set
Unable to get class: biologic.Not Set
Unable to get class: biologic.Not Set
Unable to get class: biologic.Not Set
Unable to get class: biologic.Not Set
Unable to get class: biologic.Not Set
Unable to get class: biologic.Not Set
Unable to get class: biologic.Not Set
Unable to get class: biologic.Not Set
Unable to get class: biologic.Not Set
Unable to get class: biologic.Not Set
Unable to get class: biologic.Not Set
Unable to get class: biologic.Not Set
Unable to get class: biologic.Not Set
Unable to get class: biologic.Not Set
Unable to get class: biologic.Not Set
Unable to get class: biologic.Not Set
Unable to get class: biologic.Not Set
Unable to get class: biologic.Not Set
Unable to get class: biologic.Not Set
Unable to get class: biologic.Not Set
Unable to get class: biologic.Not Set
Unable to get class: biologic.Not Set
Unable to get class: biologic.Not Set
Unable to get class: biologic.Not Set
Unable to get class: biologic.Not Set
Unable to get class: biologic.Not Set
Unable to get class: biologic.Not Set
Unable to get class: biologic.Not Set
Unable to get class: biologic.Not Set
Unable to get class: biologic.Not Set
Unable to get class: biologic.Not Set
Unable to get class: biologic.Not Set
Unable to get class: biologic.Not Set
Unable to get class: biologic.Not Set
Unable to get class: biologic.Not Set
Unable to get class: biologic.Not Set
Unable to get class: biologic.Not Set
Unable to get class: biologic.Not Set
Unable to get class: biologic.Not Set
Unable to get class: biologic.Not Set
Unable to get class: biologic.Not Set
Unable to get class: biologic.Not Set
Unable to get class: biologic.Not Set
Unable to get class: biologic.Not Set
Unable to get class: biologic.Not Set
Unable to get class: biologic.Not Set
Unable to get class: biologic.Not Set
Unable to get class: biologic.Not Set
Unable to get class: biologic.Not Set
Unable to get class: biologic.Not Set
Unable to get class: biologic.Not Set
Unable to get class: biologic.Not Set
Unable to get class: biologic.Not Set
Unable to get class: biologic.Not Set
Unable to get class: biologic.Not Set
Unable to get class: biologic.Not Set
Unable to get class: biologic.Not Set
Unable to get class: biologic.Not Set
Unable to get class: biologic.Not Set
Unable to get class: biologic.Not Set
Unable to get class: biologic.Not Set
Unable to get class: biologic.Not Set
Unable to get class: biologic.Not Set
Unable to get class: biologic.Not Set
Unable to get class: biologic.Not Set
Unable to get class: biologic.Not Set
Unable to get class: biologic.Not Set
Unable to get class: biologic.Not Set
Unable to get class: biologic.Not Set
Unable to get class: biologic.Not Set
Unable to get class: biologic.Not Set
Unable to get class: biologic.Not Set
Unable to get class: biologic.Not Set
Unable to get class: biologic.Not Set
Unable to get class: biologic.Not Set
Unable to get class: biologic.Not Set
Unable to get class: biologic.Not Set
Unable to get class: biologic.Not Set
Unable to get class: biologic.Not Set
Unable to get class: biologic.Not Set
Unable to get class: biologic.Not Set
Unable to get class: biologic.Not Set
Unable to get class: biologic.Not Set
Unable to get class: biologic.Not Set
Unable to get class: biologic.Not Set
Unable to get class: biologic.Not Set
Unable to get class: biologic.Not Set
Unable to get class: biologic.Not Set
Unable to get class: biologic.Not Set
Unable to get class: biologic.Not Set
Unable to get class: biologic.Not Set
Unable to get class: biologic.Not Set
Unable to get class: biologic.Not Set
Unable to get class: biologic.Not Set
Unable to get class: biologic.Not Set
Unable to get class: biologic.Not Set
Unable to get class: biologic.Not Set
Unable to get class: biologic.Not Set
Unable to get class: biologic.Not Set
Unable to get class: biologic.Not Set
Unable to get class: biologic.Not Set
Unable to get class: biologic.Not Set
Unable to get class: biologic.Not Set
Unable to get class: biologic.Not Set
Unable to get class: biologic.Not Set
Unable to get class: biologic.Not Set
Unable to get class: biologic.Not Set
Unable to get class: biologic.Not Set
Unable to get class: biologic.Not Set
Unable to get class: biologic.Not Set
Unable to get class: biologic.Not Set
Unable to get class: biologic.Not Set
Unable to get class: biologic.Not Set
Unable to get class: biologic.Not Set
Unable to get class: biologic.Not Set
Unable to get class: biologic.Not Set
Unable to get class: biologic.Not Set
Unable to get class: biologic.Not Set
Unable to get class: biologic.Not Set
Unable to get class: biologic.Not Set
Unable to get class: biologic.Not Set
Unable to get class: biologic.Not Set
Unable to get class: biologic.Not Set
Unable to get class: biologic.Not Set
Unable to get class: biologic.Not Set
Unable to get class: biologic.Not Set
Unable to get class: biologic.Not Set
Unable to get class: biologic.Not Set
Unable to get class: biologic.Not Set
Unable to get class: biologic.Not Set
Unable to get class: biologic.Not Set
Unable to get class: biologic.Not Set
Unable to get class: biologic.Not Set
Unable to get class: biologic.Not Set
Unable to get class: biologic.Not Set
Unable to get class: biologic.Not Set
Unable to get class: biologic.Not Set
Unable to get class: biologic.Not Set
Unable to get class: biologic.Not Set
Unable to get class: biologic.Not Set
Unable to get class: biologic.Not Set
Unable to get class: biologic.Not Set
Unable to get class: biologic.Not Set
Unable to get class: biologic.Not Set
Unable to get class: biologic.Not Set
Unable to get class: biologic.Not Set
Unable to get class: biologic.Not Set
Unable to get class: biologic.Not Set
Unable to get class: biologic.Not Set
Unable to get class: biologic.Not Set
Unable to get class: biologic.Not Set
Unable to get class: biologic.Not Set
Unable to get class: biologic.Not Set
Unable to get class: biologic.Not Set
Unable to get class: biologic.Not Set
Unable to get class: biologic.Not Set
Unable to get class: biologic.Not Set
Unable to get class: biologic.Not Set
Unable to get class: biologic.Not Set
Unable to get class: biologic.Not Set
Unable to get class: biologic.Not Set
Unable to get class: biologic.Not Set
Unable to get class: biologic.Not Set
Unable to get class: biologic.Not Set
Unable to get class: biologic.Not Set
Unable to get class: biologic.Not Set
Unable to get class: biologic.Not Set
Unable to get class: biologic.Not Set
Unable to get class: biologic.Not Set
Unable to get class: biologic.Not Set
Unable to get class: biologic.Not Set
Unable to get class: biologic.Not Set
Unable to get class: biologic.Not Set
Unable to get class: biologic.Not Set
Unable to get class: biologic.Not Set
Unable to get class: biologic.Not Set
Unable to get class: biologic.Not Set
Unable to get class: biologic.Not Set
Unable to get class: biologic.Not Set
Unable to get class: biologic.Not Set
Unable to get class: biologic.Not Set
Unable to get class: biologic.Not Set
Unable to get class: biologic.Not Set
Unable to get class: biologic.Not Set
Unable to get class: biologic.Not Set
Unable to get class: biologic.Not Set
Unable to get class: biologic.Not Set
Unable to get class: biologic.Not Set
Unable to get class: biologic.Not Set
Unable to get class: biologic.Not Set
Unable to get class: biologic.Not Set
Unable to get class: biologic.Not Set
Unable to get class: biologic.Not Set
Unable to get class: biologic.Not Set
Unable to get class: biologic.Not Set
Unable to get class: biologic.Not Set
Unable to get class: biologic.Not Set
Unable to get class: biologic.Not Set
Unable to get class: biologic.Not Set
Unable to get class: biologic.Not Set
Unable to get class: biologic.Not Set
Unable to get class: biologic.Not Set
Unable to get class: biologic.Not Set
Unable to get class: biologic.Not Set
Unable to get class: biologic.Not Set
Unable to get class: biologic.Not Set
Unable to get class: biologic.Not Set
Unable to get class: biologic.Not Set
Unable to get class: biologic.Not Set
Unable to get class: biologic.Not Set
Unable to get class: biologic.Not Set
Unable to get class: biologic.Not Set
Unable to get class: biologic.Not Set
Unable to get class: biologic.Not Set
Unable to get class: biologic.Not Set
Unable to get class: biologic.Not Set
Unable to get class: biologic.Not Set
Unable to get class: biologic.Not Set
Unable to get class: biologic.Not Set
Unable to get class: biologic.Not Set
Unable to get class: biologic.Not Set
Unable to get class: biologic.Not Set
Unable to get class: biologic.Not Set
Unable to get class: biologic.Not Set
Unable to get class: biologic.Not Set
Unable to get class: biologic.Not Set
Unable to get class: biologic.Not Set
Unable to get class: biologic.Not Set
Unable to get class: biologic.Not Set
Unable to get class: biologic.Not Set
Unable to get class: biologic.Not Set
Unable to get class: biologic.Not Set
Unable to get class: biologic.Not Set
Unable to get class: biologic.Not Set
Unable to get class: biologic.Not Set
Unable to get class: biologic.Not Set
Unable to get class: biologic.Not Set
Unable to get class: biologic.Not Set
Unable to get class: biologic.Not Set
Unable to get class: biologic.Not Set
Unable to get class: biologic.Not Set
Unable to get class: biologic.Not Set
Unable to get class: biologic.Not Set
Unable to get class: biologic.Not Set
Unable to get class: biologic.Not Set
Unable to get class: biologic.Not Set
Unable to get class: biologic.Not Set
Unable to get class: biologic.Not Set
Unable to get class: biologic.Not Set
Unable to get class: biologic.Not Set
Unable to get class: biologic.Not Set
Unable to get class: biologic.Not Set
Unable to get class: biologic.Not Set
Unable to get class: biologic.Not Set
Unable to get class: biologic.Not Set
Unable to get class: biologic.Not Set
Unable to get class: biologic.Not Set
Unable to get class: biologic.Not Set
Unable to get class: biologic.Not Set
Unable to get class: biologic.Not Set
Unable to get class: biologic.Not Set
Unable to get class: biologic.Not Set
Unable to get class: biologic.Not Set
Unable to get class: biologic.Not Set
Unable to get class: biologic.Not Set
Unable to get class: biologic.Not Set
Unable to get class: biologic.Not Set
Unable to get class: biologic.Not Set
Unable to get class: biologic.Not Set
Unable to get class: biologic.Not Set
Unable to get class: biologic.Not Set
Unable to get class: biologic.Not Set
Unable to get class: biologic.Not Set
Unable to get class: biologic.Not Set
Unable to get class: biologic.Not Set
Unable to get class: biologic.Not Set
Unable to get class: biologic.Not Set
Unable to get class: biologic.Not Set
Unable to get class: biologic.Not Set
Unable to get class: biologic.Not Set
Unable to get class: biologic.Not Set
Unable to get class: biologic.Not Set
Unable to get class: biologic.Not Set
Unable to get class: biologic.Not Set
Unable to get class: biologic.Not Set
Unable to get class: biologic.Not Set
Unable to get class: biologic.Not Set
Unable to get class: biologic.Not Set
Unable to get class: biologic.Not Set
Unable to get class: biologic.Not Set
Unable to get class: biologic.Not Set
Unable to get class: biologic.Not Set
Unable to get class: biologic.Not Set
Unable to get class: biologic.Not Set
Unable to get class: biologic.Not Set
Unable to get class: biologic.Not Set
Unable to get class: biologic.Not Set
Unable to get class: biologic.Not Set
Unable to get class: biologic.Not Set
Unable to get class: biologic.Not Set
Unable to get class: biologic.Not Set
Unable to get class: biologic.Not Set
Unable to get class: biologic.Not Set
Unable to get class: biologic.Not Set
Unable to get class: biologic.Not Set
Unable to get class: biologic.Not Set
Unable to get class: biologic.Not Set
Unable to get class: biologic.Not Set
Unable to get class: biologic.Not Set
Unable to get class: biologic.Not Set
Unable to get class: biologic.Not Set
Unable to get class: biologic.Not Set
Unable to get class: biologic.Not Set
Unable to get class: biologic.Not Set
Unable to get class: biologic.Not Set
Unable to get class: biologic.Not Set
Unable to get class: biologic.Not Set
Unable to get class: biologic.Not Set
Unable to get class: biologic.Not Set
Unable to get class: biologic.Not Set
Unable to get class: biologic.Not Set
Unable to get class: biologic.Not Set
Unable to get class: biologic.Not Set
Unable to get class: biologic.Not Set
Unable to get class: biologic.Not Set
Unable to get class: biologic.Not Set
Unable to get class: biologic.Not Set
Unable to get class: biologic.Not Set
Unable to get class: biologic.Not Set
Unable to get class: biologic.Not Set
Unable to get class: biologic.Not Set
Unable to get class: biologic.Not Set
Unable to get class: biologic.Not Set
Unable to get class: biologic.Not Set
Unable to get class: biologic.Not Set
Unable to get class: biologic.Not Set
Unable to get class: biologic.Not Set
Unable to get class: biologic.Not Set
Unable to get class: biologic.Not Set
Unable to get class: biologic.Not Set
Unable to get class: biologic.Not Set
Unable to get class: biologic.Not Set
Unable to get class: biologic.Not Set
Unable to get class: biologic.Not Set
Unable to get class: biologic.Not Set
Unable to get class: biologic.Not Set
Unable to get class: biologic.Not Set
Unable to get class: biologic.Not Set
Unable to get class: biologic.Not Set
Unable to get class: biologic.Not Set
Unable to get class: biologic.Not Set
Unable to get class: biologic.Not Set
Unable to get class: biologic.Not Set
Unable to get class: biologic.Not Set
Unable to get class: biologic.Not Set
Unable to get class: biologic.Not Set
Unable to get class: biologic.Not Set
Unable to get class: biologic.Not Set
Unable to get class: biologic.Not Set
Unable to get class: biologic.Not Set
Unable to get class: biologic.Not Set
Unable to get class: biologic.Not Set
Unable to get class: biologic.Not Set
Unable to get class: biologic.Not Set

Armadillo Workflow Platform (c) 2009-2015
Starting 2015-11-16 15:50:03
Initializing...
Loading icons.
Not Set: properties	C:\Users\etienne\Documents\GitHub\armadillo2\data\properties\compare_distance.properties
C:\Users\etienne\Documents\GitHub\armadillo2\data\properties\compare_distance.properties
Not Set: properties	C:\Users\etienne\Documents\GitHub\armadillo2\data\properties\filter_sequence.properties
C:\Users\etienne\Documents\GitHub\armadillo2\data\properties\filter_sequence.properties
Loaded 129 images for workflow
Getting last project path.
Loading project C:\Users\etienne\Desktop\eric.db
Loading workbox.
Initialisation of workflow with size (2000,600)
Loading toolbox.
Loading databasebox.
Loading Editors.
Creating propertiesEditorBox.
Creating Main Armadillo Workflow.
Initialisation small editor...
Loading database.
Loading last workbox with ID [192].
Loading sequence manager.
Loading tree manager.
Loading alignment manager.
done loading...
Setting icon images.

Armadillo Workflow Platform (c) 2009-2015
Starting 2015-11-16 15:53:04
Initializing...
Loading icons.
Not Set: properties	C:\Users\etienne\Documents\GitHub\armadillo2\data\properties\compare_distance.properties
C:\Users\etienne\Documents\GitHub\armadillo2\data\properties\compare_distance.properties
Not Set: properties	C:\Users\etienne\Documents\GitHub\armadillo2\data\properties\filter_sequence.properties
C:\Users\etienne\Documents\GitHub\armadillo2\data\properties\filter_sequence.properties
Loaded 129 images for workflow
Getting last project path.
Loading project C:\Users\etienne\Desktop\eric.db
Loading workbox.
Initialisation of workflow with size (2000,600)
Loading toolbox.
Loading databasebox.
Loading Editors.
Creating propertiesEditorBox.
Creating Main Armadillo Workflow.
Initialisation small editor...
Loading database.
Loading last workbox with ID [192].
Loading sequence manager.
Loading tree manager.
Loading alignment manager.
done loading...
Setting icon images.

Armadillo Workflow Platform (c) 2009-2015
Starting 2015-11-16 15:55:26
Initializing...
Loading icons.
Not Set: properties	C:\Users\etienne\Documents\GitHub\armadillo2\data\properties\compare_distance.properties
C:\Users\etienne\Documents\GitHub\armadillo2\data\properties\compare_distance.properties
Not Set: properties	C:\Users\etienne\Documents\GitHub\armadillo2\data\properties\filter_sequence.properties
C:\Users\etienne\Documents\GitHub\armadillo2\data\properties\filter_sequence.properties
Loaded 129 images for workflow
Getting last project path.
Loading project C:\Users\etienne\Desktop\eric.db
Loading workbox.
Initialisation of workflow with size (2000,600)
Loading toolbox.
Loading databasebox.
Loading Editors.
Creating propertiesEditorBox.
Creating Main Armadillo Workflow.
Initialisation small editor...
Loading database.
Loading last workbox with ID [192].
Loading sequence manager.
Loading tree manager.
Loading alignment manager.
done loading...
Setting icon images.
Creating runnning workflow...
Finding undefined object...
Finding no save object...
Finding For each and Repeat...
**************************************************************************************************************
 Armadillo v2.0
 New Execution started 
 -Running  workflow.
 -Started at 2015-11-16 16:00:35

**************************************************************************************************************
500(running): Initialization...
Initialization...
1(idle): 
500(running): Running [Random Sequences]
Running [Random Sequences]
500(running): 	Checking program requirements...
	Checking program requirements...
500(running): 	Creating inputs...
	Creating inputs...
500(running): 	Creating commandline...
	Creating commandline...
500(running): <-Program Output->
<-Program Output->
500(running): Generating...
Generating...
500(running): Generating... one sequence with length 100
Generating... one sequence with length 100
500(running): Generating... 10 MultipleSequences with length 100
Generating... 10 MultipleSequences with length 100
500(running): Generating... 10 Alignment with length 100
Generating... 10 Alignment with length 100
500(running): <-End Program Output ->
<-End Program Output ->
500(running): 	Parsing outputs... 
	Parsing outputs... 
100(done): 
500(running): Initialization...
Initialization...
1(idle): 
500(running): Running [Verify Tree]
Running [Verify Tree]
500(running): 	Checking program requirements...
	Checking program requirements...
450(bad requirements): No tree found.
No tree found.
450(bad requirements): Some requirements not found.
Some requirements not found.
**************************************************************************************************************
Computation finished in 2857 s.
Ended at 2015-11-16 16:00:37
**************************************************************************************************************
Creating runnning workflow...
Finding undefined object...
Finding no save object...
Finding For each and Repeat...
**************************************************************************************************************
 Armadillo v2.0
 New Execution started 
 -Running  workflow.
 -Started at 2015-11-16 16:00:48

**************************************************************************************************************
500(running): Initialization...
Initialization...
1(idle): 
500(running): Running [Random Sequences]
Running [Random Sequences]
500(running): 	Checking program requirements...
	Checking program requirements...
500(running): 	Creating inputs...
	Creating inputs...
500(running): 	Creating commandline...
	Creating commandline...
500(running): <-Program Output->
<-Program Output->
500(running): Generating...
Generating...
500(running): Generating... one sequence with length 100
Generating... one sequence with length 100
500(running): Generating... 10 MultipleSequences with length 100
Generating... 10 MultipleSequences with length 100
500(running): Generating... 10 Alignment with length 100
Generating... 10 Alignment with length 100
500(running): <-End Program Output ->
<-End Program Output ->
500(running): 	Parsing outputs... 
	Parsing outputs... 
100(done): 
500(running): Initialization...
Initialization...
1(idle): 
500(running): Running [Verify Tree]
Running [Verify Tree]
500(running): 	Checking program requirements...
	Checking program requirements...
450(bad requirements): No tree found.
No tree found.
450(bad requirements): Some requirements not found.
Some requirements not found.
**************************************************************************************************************
Computation finished in 1942 s.
Ended at 2015-11-16 16:00:50
**************************************************************************************************************
Creating runnning workflow...
Finding undefined object...
Finding no save object...
Finding For each and Repeat...
**************************************************************************************************************
 Armadillo v2.0
 New Execution started 
 -Running  workflow.
 -Started at 2015-11-16 16:01:04

**************************************************************************************************************
500(running): Initialization...
Initialization...
1(idle): 
500(running): Running [Random Sequences]
Running [Random Sequences]
500(running): 	Checking program requirements...
	Checking program requirements...
500(running): 	Creating inputs...
	Creating inputs...
500(running): 	Creating commandline...
	Creating commandline...
500(running): <-Program Output->
<-Program Output->
500(running): Generating...
Generating...
500(running): Generating... one sequence with length 100
Generating... one sequence with length 100
500(running): Generating... 10 MultipleSequences with length 100
Generating... 10 MultipleSequences with length 100
500(running): Generating... 10 Alignment with length 100
Generating... 10 Alignment with length 100
500(running): <-End Program Output ->
<-End Program Output ->
500(running): 	Parsing outputs... 
	Parsing outputs... 
100(done): 
500(running): Initialization...
Initialization...
1(idle): 
500(running): Running [Verify Tree]
Running [Verify Tree]
500(running): 	Checking program requirements...
	Checking program requirements...
450(bad requirements): No tree found.
No tree found.
450(bad requirements): Some requirements not found.
Some requirements not found.
500(running): Initialization...
Initialization...
1(idle): 
500(running): Running [Random Sequences]
Running [Random Sequences]
500(running): 	Checking program requirements...
	Checking program requirements...
500(running): 	Creating inputs...
	Creating inputs...
500(running): 	Creating commandline...
	Creating commandline...
500(running): <-Program Output->
<-Program Output->
500(running): Generating...
Generating...
500(running): Generating... one sequence with length 100
Generating... one sequence with length 100
500(running): Generating... 10 MultipleSequences with length 100
Generating... 10 MultipleSequences with length 100
500(running): Generating... 10 Alignment with length 100
Generating... 10 Alignment with length 100
500(running): <-End Program Output ->
<-End Program Output ->
500(running): 	Parsing outputs... 
	Parsing outputs... 
100(done): 
500(running): Initialization...
Initialization...
1(idle): 
500(running): Running [Verify Tree]
Running [Verify Tree]
500(running): 	Checking program requirements...
	Checking program requirements...
450(bad requirements): No tree found.
No tree found.
450(bad requirements): Some requirements not found.
Some requirements not found.
500(running): Initialization...
Initialization...
1(idle): 
500(running): Running [Random Sequences]
Running [Random Sequences]
500(running): 	Checking program requirements...
	Checking program requirements...
500(running): 	Creating inputs...
	Creating inputs...
500(running): 	Creating commandline...
	Creating commandline...
500(running): <-Program Output->
<-Program Output->
500(running): Generating...
Generating...
500(running): Generating... one sequence with length 100
Generating... one sequence with length 100
500(running): Generating... 10 MultipleSequences with length 100
Generating... 10 MultipleSequences with length 100
500(running): Generating... 10 Alignment with length 100
Generating... 10 Alignment with length 100
500(running): <-End Program Output ->
<-End Program Output ->
500(running): 	Parsing outputs... 
	Parsing outputs... 
100(done): 
500(running): Initialization...
Initialization...
1(idle): 
500(running): Running [Verify Tree]
Running [Verify Tree]
500(running): 	Checking program requirements...
	Checking program requirements...
450(bad requirements): No tree found.
No tree found.
450(bad requirements): Some requirements not found.
Some requirements not found.
500(running): Initialization...
Initialization...
1(idle): 
500(running): Running [Random Sequences]
Running [Random Sequences]
500(running): 	Checking program requirements...
	Checking program requirements...
500(running): 	Creating inputs...
	Creating inputs...
500(running): 	Creating commandline...
	Creating commandline...
500(running): <-Program Output->
<-Program Output->
500(running): Generating...
Generating...
500(running): Generating... one sequence with length 100
Generating... one sequence with length 100
500(running): Generating... 10 MultipleSequences with length 100
Generating... 10 MultipleSequences with length 100
500(running): Generating... 10 Alignment with length 100
Generating... 10 Alignment with length 100
500(running): <-End Program Output ->
<-End Program Output ->
500(running): 	Parsing outputs... 
	Parsing outputs... 
100(done): 
500(running): Initialization...
Initialization...
1(idle): 
500(running): Running [Verify Tree]
Running [Verify Tree]
500(running): 	Checking program requirements...
	Checking program requirements...
450(bad requirements): No tree found.
No tree found.
450(bad requirements): Some requirements not found.
Some requirements not found.
500(running): Initialization...
Initialization...
1(idle): 
500(running): Running [Random Sequences]
Running [Random Sequences]
500(running): 	Checking program requirements...
	Checking program requirements...
500(running): 	Creating inputs...
	Creating inputs...
500(running): 	Creating commandline...
	Creating commandline...
500(running): <-Program Output->
<-Program Output->
500(running): Generating...
Generating...
500(running): Generating... one sequence with length 100
Generating... one sequence with length 100
500(running): Generating... 10 MultipleSequences with length 100
Generating... 10 MultipleSequences with length 100
500(running): Generating... 10 Alignment with length 100
Generating... 10 Alignment with length 100
500(running): <-End Program Output ->
<-End Program Output ->
500(running): 	Parsing outputs... 
	Parsing outputs... 
100(done): 
500(running): Initialization...
Initialization...
1(idle): 
500(running): Running [Verify Tree]
Running [Verify Tree]
500(running): 	Checking program requirements...
	Checking program requirements...
450(bad requirements): No tree found.
No tree found.
450(bad requirements): Some requirements not found.
Some requirements not found.
500(running): Initialization...
Initialization...
1(idle): 
500(running): Running [Random Sequences]
Running [Random Sequences]
500(running): 	Checking program requirements...
	Checking program requirements...
500(running): 	Creating inputs...
	Creating inputs...
500(running): 	Creating commandline...
	Creating commandline...
500(running): <-Program Output->
<-Program Output->
500(running): Generating...
Generating...
500(running): Generating... one sequence with length 100
Generating... one sequence with length 100
500(running): Generating... 10 MultipleSequences with length 100
Generating... 10 MultipleSequences with length 100
500(running): Generating... 10 Alignment with length 100
Generating... 10 Alignment with length 100
500(running): <-End Program Output ->
<-End Program Output ->
500(running): 	Parsing outputs... 
	Parsing outputs... 
100(done): 
500(running): Initialization...
Initialization...
1(idle): 
500(running): Running [Verify Tree]
Running [Verify Tree]
500(running): 	Checking program requirements...
	Checking program requirements...
450(bad requirements): No tree found.
No tree found.
450(bad requirements): Some requirements not found.
Some requirements not found.
Cancelling...
Cancelling executable\createtree.exe
Processus introuvable: createtree
KillTask executable\createtree.exe
Commandline: tskill.exe createtree                             
Exit Value: 1
Unable to kill with normal command, trying Taskkill.exe
Commandline: taskkill.exe /IM createtree.exe /F /T                          
**************************************************************************************************************
 Cancelled at 2015-11-16 16:01:16
**************************************************************************************************************
Erreur: le processus "createtree.exe" est introuvable.
Exit Value: 128

Armadillo Workflow Platform (c) 2009-2015
Starting 2015-11-16 16:03:14
Initializing...
Loading icons.
Not Set: properties	C:\Users\etienne\Documents\GitHub\armadillo2\data\properties\compare_distance.properties
C:\Users\etienne\Documents\GitHub\armadillo2\data\properties\compare_distance.properties
Not Set: properties	C:\Users\etienne\Documents\GitHub\armadillo2\data\properties\filter_sequence.properties
C:\Users\etienne\Documents\GitHub\armadillo2\data\properties\filter_sequence.properties
Loaded 129 images for workflow
Getting last project path.
Loading project C:\Users\etienne\Desktop\eric.db
Loading workbox.
Initialisation of workflow with size (2000,600)
Loading toolbox.
Loading databasebox.
Loading Editors.
Creating propertiesEditorBox.
Creating Main Armadillo Workflow.
Initialisation small editor...
Loading database.
Loading last workbox with ID [203].
Loading sequence manager.
Loading tree manager.
Loading alignment manager.
done loading...
Setting icon images.
